2016-06-21 14:47:37	请求http接口失败，请求url:tp://www.shengcai18.cn/user/，Curl error: Protocol tp not supported or disabled in libcurl	uri:/api/user/	ref:
2016-06-21 14:48:25	请求http接口失败，请求url:r/，Curl error: Could not resolve host: r	uri:/api/user/	ref:
2016-06-21 14:49:05	请求http接口失败，请求url:r/，Curl error: Could not resolve host: r	uri:/api/user/	ref:
2016-06-21 14:50:03	请求http接口失败，请求url:er/，Curl error: Could not resolve host: er	uri:/api/user/	ref:
2016-06-21 14:50:04	请求http接口失败，请求url:er/，Curl error: Could not resolve host: er	uri:/api/user/	ref:
2016-06-21 14:50:19	请求http接口失败，请求url:er/，Curl error: Could not resolve host: er	uri:/api/user/	ref:
2016-06-21 15:05:46	请求http接口失败，请求url:http://www.shengcaiss18.cn/user/，Curl error: Could not resolve host: www.shengcaiss18.cn	uri:/api/user/	ref:
2016-06-21 15:06:23	请求http接口失败，请求url:http://www.shengcaiss18.cn/user/，Curl error: Could not resolve host: www.shengcaiss18.cn	uri:/api/user/	ref:
2016-06-23 13:34:31	请求http接口失败，请求url:http://common6.shengcaijinrong.comsettle/webapi/goBidding，Curl error: Could not resolve host: common6.shengcaijinrong.comsettle	uri:/api/bid/	ref:
2016-07-20 16:40:45	shit	uri:/api/sms	ref:
2016-07-20 16:42:52	shit11	uri:/rpc/sms	ref:
2016-07-20 16:42:58	shit11	uri:/rpc/sms	ref:
2016-07-20 16:43:07	shit11	uri:/rpc/sms	ref:
2016-07-20 16:43:08	shit11	uri:/rpc/sms	ref:
2016-07-20 16:45:03	shit11	uri:/rpc/sms	ref:
2016-07-20 16:45:03	shit33	uri:/rpc/sms	ref:
2016-07-20 16:45:14	shit11	uri:/rpc/sms	ref:
2016-07-20 16:45:14	shit33	uri:/rpc/sms	ref:
2016-07-20 16:45:23	shit11	uri:/rpc/sms	ref:
2016-07-20 16:45:23	shit33	uri:/rpc/sms	ref:
2016-07-20 16:45:23	shit55	uri:/rpc/sms	ref:
2016-07-20 16:47:06	shit11	uri:/rpc/sms	ref:
2016-07-20 16:47:06	shit66	uri:/rpc/sms	ref:
2016-07-20 16:47:15	shit11	uri:/rpc/sms	ref:
2016-07-20 16:47:15	shit66	uri:/rpc/sms	ref:
2016-07-20 16:48:37	shit11	uri:/rpc/sms	ref:
2016-07-20 16:48:37	process_post	uri:/rpc/sms	ref:
2016-07-20 16:49:25	shit11	uri:/rpc/sms	ref:
2016-07-20 16:49:37	shit11	uri:/rpc/sms	ref:
2016-07-20 16:49:37	liwei	uri:/rpc/sms	ref:
2016-07-20 16:50:36	shit11	uri:/rpc/sms	ref:
2016-07-20 16:50:36	liwei1	uri:/rpc/sms	ref:
2016-07-20 16:50:36	liwei2	uri:/rpc/sms	ref:
2016-07-20 16:51:00	shit11	uri:/rpc/sms	ref:
2016-07-20 16:51:00	liwei2	uri:/rpc/sms	ref:
2016-07-20 16:52:15	shit11	uri:/rpc/sms	ref:
2016-07-20 16:52:15	liwei2	uri:/rpc/sms	ref:
2016-07-20 16:52:23	shit11	uri:/rpc/sms	ref:
2016-07-20 16:52:23	liwei2	uri:/rpc/sms	ref:
2016-07-20 16:52:23	liwei1222	uri:/rpc/sms	ref:
2016-07-20 16:54:48	shit11	uri:/rpc/sms	ref:
2016-07-20 16:54:48	liwei2	uri:/rpc/sms	ref:
2016-07-20 16:55:08	shit11	uri:/rpc/sms	ref:
2016-07-20 16:55:08	liwei2	uri:/rpc/sms	ref:
2016-07-20 16:55:08	liwei123	uri:/rpc/sms	ref:
2016-07-20 16:55:18	shit11	uri:/rpc/sms	ref:
2016-07-20 16:55:18	liwei2	uri:/rpc/sms	ref:
2016-07-20 16:55:18	liwei123	uri:/rpc/sms	ref:
2016-07-20 16:55:32	shit11	uri:/rpc/sms	ref:
2016-07-20 16:55:32	liwei2	uri:/rpc/sms	ref:
2016-07-20 16:55:32	1	uri:/rpc/sms	ref:
2016-07-20 16:56:19	shit11	uri:/rpc/sms	ref:
2016-07-20 16:56:19	liwei2	uri:/rpc/sms	ref:
2016-07-20 16:56:33	shit11	uri:/rpc/sms	ref:
2016-07-20 16:56:33	liwei2	uri:/rpc/sms	ref:
2016-07-20 16:56:33		uri:/rpc/sms	ref:
2016-07-20 16:57:00	shit11	uri:/rpc/sms	ref:
2016-07-20 16:57:00	liwei2	uri:/rpc/sms	ref:
2016-07-20 16:57:00		uri:/rpc/sms	ref:
2016-07-20 16:57:00		uri:/rpc/sms	ref:
2016-07-20 16:57:17	shit11	uri:/rpc/sms	ref:
2016-07-20 16:57:17	liwei2	uri:/rpc/sms	ref:
2016-07-20 16:57:17		uri:/rpc/sms	ref:
2016-07-20 16:57:17	123123123	uri:/rpc/sms	ref:
2016-07-20 16:57:27	shit11	uri:/rpc/sms	ref:
2016-07-20 16:57:27	liwei2	uri:/rpc/sms	ref:
2016-07-20 16:57:27	{}	uri:/rpc/sms	ref:
2016-07-20 16:57:27	123123123	uri:/rpc/sms	ref:
2016-07-20 16:59:06	shit11	uri:/rpc/sms	ref:
2016-07-20 16:59:35	shit11	uri:/rpc/sms	ref:
2016-07-20 16:59:35	shit43	uri:/rpc/sms	ref:
2016-07-20 17:00:32	shit11	uri:/rpc/sms	ref:
2016-07-20 17:00:32	{}	uri:/rpc/sms	ref:
2016-07-20 17:00:51	shit11	uri:/rpc/sms	ref:
2016-07-20 17:00:51		uri:/rpc/sms	ref:
2016-07-20 17:01:14	shit11	uri:/rpc/sms	ref:
2016-07-20 17:01:14		uri:/rpc/sms	ref:
2016-07-20 17:01:24	shit11	uri:/rpc/sms	ref:
2016-07-20 17:01:24	{"a":1,"b":2}	uri:/rpc/sms	ref:
2016-07-20 17:19:58	shit11	uri:/rpc/sms	ref:
2016-07-20 17:19:58	null	uri:/rpc/sms	ref:
2016-07-20 17:20:27	shit11	uri:/rpc/sms	ref:
2016-07-20 17:20:39	shit11	uri:/rpc/sms	ref:
2016-07-20 17:20:39	shit22	uri:/rpc/sms	ref:
2016-07-20 17:20:39	shit44	uri:/rpc/sms	ref:
2016-07-20 17:22:48	shit11	uri:/rpc/sms	ref:
2016-07-20 17:22:56	shit11	uri:/rpc/sms	ref:
2016-07-20 17:23:10	shit11	uri:/rpc/sms	ref:
2016-07-20 17:23:10	here	uri:/rpc/sms	ref:
2016-07-20 17:23:38	shit11	uri:/rpc/sms	ref:
2016-07-20 17:23:38	{"ophone":"13999999999","iphone":"13888888888","content":"sbsb","channel":"2","delay":"2016-07-10 08:00:00"}	uri:/rpc/sms	ref:
2016-07-20 17:24:22	shit11	uri:/rpc/sms	ref:
2016-07-20 17:24:22	{"ophone":"13999999999","iphone":"13888888888","content":"sbsb","channel":"2","delay":"2016-07-10 08:00:00"}	uri:/rpc/sms	ref:
2016-07-20 17:24:22	here2	uri:/rpc/sms	ref:
2016-07-20 17:35:29	shit11	uri:/rpc/sms	ref:
2016-07-20 17:35:29	{"ophone":"13999999999","iphone":"13888888888","content":"sbsb","channel":"2","delay":"2016-07-10 08:00:00"}	uri:/rpc/sms	ref:
2016-07-20 17:35:29	here2	uri:/rpc/sms	ref:
2016-07-20 17:35:29	err2	uri:/rpc/sms	ref:
2016-07-20 17:35:44	shit11	uri:/rpc/sms	ref:
2016-07-20 17:35:44	{"ophone":"13999999999","iphone":"13888888888","content":"sbsb","channel":"2","delay":"2016-07-10 08:00:00"}	uri:/rpc/sms	ref:
2016-07-20 17:35:44	here2	uri:/rpc/sms	ref:
2016-07-20 17:35:44	{"code":1003,"msg":{},"data":null}	uri:/rpc/sms	ref:
2016-07-20 17:37:36	shit11	uri:/rpc/sms	ref:
2016-07-20 17:37:36	{"ophone":"13999999999","iphone":"13888888888","content":"sbsb","channel":"2","delay":"2016-07-10 08:00:00"}	uri:/rpc/sms	ref:
2016-07-20 17:37:37	here2	uri:/rpc/sms	ref:
2016-07-20 17:37:37	{"code":1003,"msg":{},"data":null}	uri:/rpc/sms	ref:
2016-07-20 17:37:37	object is null	uri:/rpc/sms	ref:
2016-07-20 17:38:06	shit11	uri:/rpc/sms	ref:
2016-07-20 17:38:06	{"ophone":"13999999999","iphone":"13888888888","content":"sbsb","channel":"2","delay":"2016-07-10 08:00:00"}	uri:/rpc/sms	ref:
2016-07-20 17:38:06	here2	uri:/rpc/sms	ref:
2016-07-20 17:38:06	{"code":1003,"msg":"object is null","data":null}	uri:/rpc/sms	ref:
2016-07-20 17:38:06	object is null	uri:/rpc/sms	ref:
2016-07-20 17:39:28	shit11	uri:/rpc/sms	ref:
2016-07-20 17:39:38	shit11	uri:/rpc/sms	ref:
2016-07-20 17:42:00	{"code":0,"msg":"success","data":"Hdl producer"}	uri:/rpc/sms	ref:
2016-07-20 17:42:58	{"code":0,"msg":"success","data":"Hdl producer"}	uri:/rpc/sms	ref:
2016-07-20 17:43:22	{"code":0,"msg":"success","data":"Hdl producer"}	uri:/rpc/sms	ref:
2016-07-20 17:59:35	{"code":0,"msg":"success","data":"Hdl producer"}	uri:/rpc/sms	ref:
2016-07-20 18:06:31	{"code":0,"msg":"success","data":"Hdl producer"}	uri:/rpc/sms	ref:
2016-07-20 18:08:02	{"code":0,"msg":"success","data":"Hdl producer"}	uri:/rpc/sms	ref:
2016-07-20 18:11:00	{"code":0,"msg":"success","data":"cao"}	uri:/rpc/sms	ref:
2016-07-20 18:11:25	{"code":0,"msg":"success","data":"cao"}	uri:/rpc/sms	ref:
2016-07-20 18:12:03	{"code":0,"msg":"success","data":"Hdl producer"}	uri:/rpc/sms	ref:
2016-07-20 18:12:35	{"code":0,"msg":"success","data":"Hdl producer"}	uri:/rpc/sms	ref:
2016-07-20 18:13:57	{"code":0,"msg":"success","data":"asd"}	uri:/rpc/sms	ref:
2016-07-20 18:14:38	{"code":0,"msg":"success","data":"asd"}	uri:/rpc/sms	ref:
2016-07-20 18:15:57	{"code":0,"msg":"success","data":123}	uri:/rpc/sms	ref:
2016-07-20 18:16:05	{"code":0,"msg":"success","data":123}	uri:/rpc/sms	ref:
2016-07-20 18:16:20	{"code":0,"msg":"success","data":"Hdl producer"}	uri:/rpc/sms	ref:
2016-07-20 18:17:11	{"code":0,"msg":"success","data":"Hdl producer"}	uri:/rpc/sms	ref:
